<?xml version="1.0" encoding="UTF-8"?>
<testng-results ignored="0" total="1" passed="1" failed="0" skipped="0">
  <reporter-output>
  </reporter-output>
  <suite started-at="2023-05-24T03:19:19 EET" name="Default suite" finished-at="2023-05-24T03:19:24 EET" duration-ms="4483">
    <groups>
    </groups>
    <test started-at="2023-05-24T03:19:19 EET" name="Default test" finished-at="2023-05-24T03:19:24 EET" duration-ms="4483">
      <class name="tests.JSONSchemaValidation">
        <test-method signature="testGet()[pri:0, instance:tests.JSONSchemaValidation@649bec2e]" started-at="2023-05-24T03:19:19 EET" name="testGet" finished-at="2023-05-24T03:19:24 EET" duration-ms="4432" status="PASS">
          <reporter-output>
          </reporter-output>
        </test-method> <!-- testGet -->
      </class> <!-- tests.JSONSchemaValidation -->
    </test> <!-- Default test -->
  </suite> <!-- Default suite -->
</testng-results>
